09-Apr-2026 01:55:11.530 INFO [main] org.apache.catalina.startup.VersionLoggerListener.log Server version name:   Apache Tomcat/9.0.117
09-Apr-2026 01:55:11.540 INFO [main] org.apache.catalina.startup.VersionLoggerListener.log Server built:          Mar 30 2026 18:21:16 UTC
09-Apr-2026 01:55:11.541 INFO [main] org.apache.catalina.startup.VersionLoggerListener.log Server version number: 9.0.117.0
09-Apr-2026 01:55:11.541 INFO [main] org.apache.catalina.startup.VersionLoggerListener.log OS Name:               Windows 11
09-Apr-2026 01:55:11.542 INFO [main] org.apache.catalina.startup.VersionLoggerListener.log OS Version:            10.0
09-Apr-2026 01:55:11.542 INFO [main] org.apache.catalina.startup.VersionLoggerListener.log Architecture:          amd64
09-Apr-2026 01:55:11.542 INFO [main] org.apache.catalina.startup.VersionLoggerListener.log Java Home:             C:\Program Files\Java\jdk-24
09-Apr-2026 01:55:11.543 INFO [main] org.apache.catalina.startup.VersionLoggerListener.log JVM Version:           24.0.2+12-54
09-Apr-2026 01:55:11.543 INFO [main] org.apache.catalina.startup.VersionLoggerListener.log JVM Vendor:            Oracle Corporation
09-Apr-2026 01:55:11.545 INFO [main] org.apache.catalina.startup.VersionLoggerListener.log CATALINA_BASE:         C:\Users\Dell\Desktop\antigravity\tomcat\apache-tomcat-9.0.117
09-Apr-2026 01:55:11.545 INFO [main] org.apache.catalina.startup.VersionLoggerListener.log CATALINA_HOME:         C:\Users\Dell\Desktop\antigravity\tomcat\apache-tomcat-9.0.117
09-Apr-2026 01:55:11.584 INFO [main] org.apache.catalina.startup.VersionLoggerListener.log Command line argument: --add-opens=java.base/java.lang=ALL-UNNAMED
09-Apr-2026 01:55:11.585 INFO [main] org.apache.catalina.startup.VersionLoggerListener.log Command line argument: --add-opens=java.base/java.lang.invoke=ALL-UNNAMED
09-Apr-2026 01:55:11.585 INFO [main] org.apache.catalina.startup.VersionLoggerListener.log Command line argument: --add-opens=java.base/java.lang.reflect=ALL-UNNAMED
09-Apr-2026 01:55:11.585 INFO [main] org.apache.catalina.startup.VersionLoggerListener.log Command line argument: --add-opens=java.base/java.io=ALL-UNNAMED
09-Apr-2026 01:55:11.586 INFO [main] org.apache.catalina.startup.VersionLoggerListener.log Command line argument: --add-opens=java.base/java.util=ALL-UNNAMED
09-Apr-2026 01:55:11.586 INFO [main] org.apache.catalina.startup.VersionLoggerListener.log Command line argument: --add-opens=java.base/java.util.concurrent=ALL-UNNAMED
09-Apr-2026 01:55:11.586 INFO [main] org.apache.catalina.startup.VersionLoggerListener.log Command line argument: --add-opens=java.rmi/sun.rmi.transport=ALL-UNNAMED
09-Apr-2026 01:55:11.586 INFO [main] org.apache.catalina.startup.VersionLoggerListener.log Command line argument: -Djava.util.logging.config.file=C:\Users\Dell\Desktop\antigravity\tomcat\apache-tomcat-9.0.117\conf\logging.properties
09-Apr-2026 01:55:11.586 INFO [main] org.apache.catalina.startup.VersionLoggerListener.log Command line argument: -Djava.util.logging.manager=org.apache.juli.ClassLoaderLogManager
09-Apr-2026 01:55:11.587 INFO [main] org.apache.catalina.startup.VersionLoggerListener.log Command line argument: -Djdk.tls.ephemeralDHKeySize=2048
09-Apr-2026 01:55:11.587 INFO [main] org.apache.catalina.startup.VersionLoggerListener.log Command line argument: -Djava.protocol.handler.pkgs=org.apache.catalina.webresources
09-Apr-2026 01:55:11.587 INFO [main] org.apache.catalina.startup.VersionLoggerListener.log Command line argument: -Dsun.io.useCanonCaches=false
09-Apr-2026 01:55:11.587 INFO [main] org.apache.catalina.startup.VersionLoggerListener.log Command line argument: -Dignore.endorsed.dirs=
09-Apr-2026 01:55:11.587 INFO [main] org.apache.catalina.startup.VersionLoggerListener.log Command line argument: -Dcatalina.base=C:\Users\Dell\Desktop\antigravity\tomcat\apache-tomcat-9.0.117
09-Apr-2026 01:55:11.587 INFO [main] org.apache.catalina.startup.VersionLoggerListener.log Command line argument: -Dcatalina.home=C:\Users\Dell\Desktop\antigravity\tomcat\apache-tomcat-9.0.117
09-Apr-2026 01:55:11.587 INFO [main] org.apache.catalina.startup.VersionLoggerListener.log Command line argument: -Djava.io.tmpdir=C:\Users\Dell\Desktop\antigravity\tomcat\apache-tomcat-9.0.117\temp
09-Apr-2026 01:55:11.607 INFO [main] org.apache.catalina.core.AprLifecycleListener.lifecycleEvent Loaded Apache Tomcat Native library [1.3.7] using APR version [1.7.6].
09-Apr-2026 01:55:11.607 INFO [main] org.apache.catalina.core.AprLifecycleListener.lifecycleEvent APR capabilities: IPv6 [true], sendfile [true], accept filters [false], random [true], UDS [true].
09-Apr-2026 01:55:11.608 INFO [main] org.apache.catalina.core.AprLifecycleListener.lifecycleEvent APR/OpenSSL configuration: useAprConnector [false], useOpenSSL [true]
09-Apr-2026 01:55:11.646 INFO [main] org.apache.catalina.core.AprLifecycleListener.initializeSSL OpenSSL successfully initialized [OpenSSL 3.0.19 27 Jan 2026]
09-Apr-2026 01:55:12.461 INFO [main] org.apache.coyote.AbstractProtocol.init Initializing ProtocolHandler ["http-nio-8080"]
09-Apr-2026 01:55:12.529 INFO [main] org.apache.catalina.startup.Catalina.load Server initialization in [1525] milliseconds
09-Apr-2026 01:55:12.758 INFO [main] org.apache.catalina.core.StandardService.startInternal Starting service [Catalina]
09-Apr-2026 01:55:12.759 INFO [main] org.apache.catalina.core.StandardEngine.startInternal Starting Servlet engine: [Apache Tomcat/9.0.117]
09-Apr-2026 01:55:12.835 INFO [main] org.apache.catalina.startup.HostConfig.deployWAR Deploying web application archive [C:\Users\Dell\Desktop\antigravity\tomcat\apache-tomcat-9.0.117\webapps\voyastra.war]
09-Apr-2026 01:55:14.778 INFO [main] org.apache.jasper.servlet.TldScanner.scanJars At least one JAR was scanned for TLDs yet contained no TLDs. Enable debug logging for this logger for a complete list of JARs that were scanned but no TLDs were found in them. Skipping unneeded JARs during scanning can improve startup time and JSP compilation time.
09-Apr-2026 01:55:14.907 INFO [main] com.voyastra.filter.ErrorHandlingFilter.init ErrorHandlingFilter initialized.
09-Apr-2026 01:55:14.936 INFO [main] org.apache.catalina.startup.HostConfig.deployWAR Deployment of web application archive [C:\Users\Dell\Desktop\antigravity\tomcat\apache-tomcat-9.0.117\webapps\voyastra.war] has finished in [2,100] ms
09-Apr-2026 01:55:14.937 INFO [main] org.apache.catalina.startup.HostConfig.deployDirectory Deploying web application directory [C:\Users\Dell\Desktop\antigravity\tomcat\apache-tomcat-9.0.117\webapps\docs]
09-Apr-2026 01:55:15.024 INFO [main] org.apache.catalina.startup.HostConfig.deployDirectory Deployment of web application directory [C:\Users\Dell\Desktop\antigravity\tomcat\apache-tomcat-9.0.117\webapps\docs] has finished in [87] ms
09-Apr-2026 01:55:15.025 INFO [main] org.apache.catalina.startup.HostConfig.deployDirectory Deploying web application directory [C:\Users\Dell\Desktop\antigravity\tomcat\apache-tomcat-9.0.117\webapps\examples]
09-Apr-2026 01:55:15.938 INFO [main] org.apache.catalina.startup.HostConfig.deployDirectory Deployment of web application directory [C:\Users\Dell\Desktop\antigravity\tomcat\apache-tomcat-9.0.117\webapps\examples] has finished in [912] ms
09-Apr-2026 01:55:15.939 INFO [main] org.apache.catalina.startup.HostConfig.deployDirectory Deploying web application directory [C:\Users\Dell\Desktop\antigravity\tomcat\apache-tomcat-9.0.117\webapps\host-manager]
09-Apr-2026 01:55:16.033 INFO [main] org.apache.catalina.startup.HostConfig.deployDirectory Deployment of web application directory [C:\Users\Dell\Desktop\antigravity\tomcat\apache-tomcat-9.0.117\webapps\host-manager] has finished in [95] ms
09-Apr-2026 01:55:16.034 INFO [main] org.apache.catalina.startup.HostConfig.deployDirectory Deploying web application directory [C:\Users\Dell\Desktop\antigravity\tomcat\apache-tomcat-9.0.117\webapps\manager]
09-Apr-2026 01:55:16.130 INFO [main] org.apache.catalina.startup.HostConfig.deployDirectory Deployment of web application directory [C:\Users\Dell\Desktop\antigravity\tomcat\apache-tomcat-9.0.117\webapps\manager] has finished in [95] ms
09-Apr-2026 01:55:16.130 INFO [main] org.apache.catalina.startup.HostConfig.deployDirectory Deploying web application directory [C:\Users\Dell\Desktop\antigravity\tomcat\apache-tomcat-9.0.117\webapps\ROOT]
09-Apr-2026 01:55:16.191 INFO [main] org.apache.catalina.startup.HostConfig.deployDirectory Deployment of web application directory [C:\Users\Dell\Desktop\antigravity\tomcat\apache-tomcat-9.0.117\webapps\ROOT] has finished in [61] ms
09-Apr-2026 01:55:16.205 INFO [main] org.apache.coyote.AbstractProtocol.start Starting ProtocolHandler ["http-nio-8080"]
09-Apr-2026 01:55:16.265 INFO [main] org.apache.catalina.startup.Catalina.start Server startup in [3730] milliseconds
09-Apr-2026 01:55:53.032 INFO [http-nio-8080-exec-3] org.apache.tomcat.util.http.parser.Cookie.logInvalidHeader A cookie header was received [g_state={"i_l":0,"i_ll":1775669504196,"i_e":{"enable_itp_optimization":0},"i_b":"speJz3jL6vfRMYLks51Hel28nHElTqZrES7BXUooQKw"}] that contained an invalid cookie. That cookie will be ignored.
 Note: further occurrences of this error will be logged at DEBUG level.
09-Apr-2026 02:04:32.419 INFO [main] org.apache.catalina.startup.VersionLoggerListener.log Server version name:   Apache Tomcat/9.0.117
09-Apr-2026 02:04:32.423 INFO [main] org.apache.catalina.startup.VersionLoggerListener.log Server built:          Mar 30 2026 18:21:16 UTC
09-Apr-2026 02:04:32.423 INFO [main] org.apache.catalina.startup.VersionLoggerListener.log Server version number: 9.0.117.0
09-Apr-2026 02:04:32.424 INFO [main] org.apache.catalina.startup.VersionLoggerListener.log OS Name:               Windows 11
09-Apr-2026 02:04:32.424 INFO [main] org.apache.catalina.startup.VersionLoggerListener.log OS Version:            10.0
09-Apr-2026 02:04:32.424 INFO [main] org.apache.catalina.startup.VersionLoggerListener.log Architecture:          amd64
09-Apr-2026 02:04:32.424 INFO [main] org.apache.catalina.startup.VersionLoggerListener.log Java Home:             C:\Program Files\Java\jdk-24
09-Apr-2026 02:04:32.424 INFO [main] org.apache.catalina.startup.VersionLoggerListener.log JVM Version:           24.0.2+12-54
09-Apr-2026 02:04:32.424 INFO [main] org.apache.catalina.startup.VersionLoggerListener.log JVM Vendor:            Oracle Corporation
09-Apr-2026 02:04:32.424 INFO [main] org.apache.catalina.startup.VersionLoggerListener.log CATALINA_BASE:         C:\Users\Dell\Desktop\antigravity\tomcat\apache-tomcat-9.0.117
09-Apr-2026 02:04:32.424 INFO [main] org.apache.catalina.startup.VersionLoggerListener.log CATALINA_HOME:         C:\Users\Dell\Desktop\antigravity\tomcat\apache-tomcat-9.0.117
09-Apr-2026 02:04:32.443 INFO [main] org.apache.catalina.startup.VersionLoggerListener.log Command line argument: --add-opens=java.base/java.lang=ALL-UNNAMED
09-Apr-2026 02:04:32.443 INFO [main] org.apache.catalina.startup.VersionLoggerListener.log Command line argument: --add-opens=java.base/java.lang.invoke=ALL-UNNAMED
09-Apr-2026 02:04:32.443 INFO [main] org.apache.catalina.startup.VersionLoggerListener.log Command line argument: --add-opens=java.base/java.lang.reflect=ALL-UNNAMED
09-Apr-2026 02:04:32.444 INFO [main] org.apache.catalina.startup.VersionLoggerListener.log Command line argument: --add-opens=java.base/java.io=ALL-UNNAMED
09-Apr-2026 02:04:32.444 INFO [main] org.apache.catalina.startup.VersionLoggerListener.log Command line argument: --add-opens=java.base/java.util=ALL-UNNAMED
09-Apr-2026 02:04:32.444 INFO [main] org.apache.catalina.startup.VersionLoggerListener.log Command line argument: --add-opens=java.base/java.util.concurrent=ALL-UNNAMED
09-Apr-2026 02:04:32.444 INFO [main] org.apache.catalina.startup.VersionLoggerListener.log Command line argument: --add-opens=java.rmi/sun.rmi.transport=ALL-UNNAMED
09-Apr-2026 02:04:32.444 INFO [main] org.apache.catalina.startup.VersionLoggerListener.log Command line argument: -Djava.util.logging.config.file=C:\Users\Dell\Desktop\antigravity\tomcat\apache-tomcat-9.0.117\conf\logging.properties
09-Apr-2026 02:04:32.444 INFO [main] org.apache.catalina.startup.VersionLoggerListener.log Command line argument: -Djava.util.logging.manager=org.apache.juli.ClassLoaderLogManager
09-Apr-2026 02:04:32.444 INFO [main] org.apache.catalina.startup.VersionLoggerListener.log Command line argument: -Djdk.tls.ephemeralDHKeySize=2048
09-Apr-2026 02:04:32.444 INFO [main] org.apache.catalina.startup.VersionLoggerListener.log Command line argument: -Djava.protocol.handler.pkgs=org.apache.catalina.webresources
09-Apr-2026 02:04:32.444 INFO [main] org.apache.catalina.startup.VersionLoggerListener.log Command line argument: -Dsun.io.useCanonCaches=false
09-Apr-2026 02:04:32.444 INFO [main] org.apache.catalina.startup.VersionLoggerListener.log Command line argument: -Dignore.endorsed.dirs=
09-Apr-2026 02:04:32.444 INFO [main] org.apache.catalina.startup.VersionLoggerListener.log Command line argument: -Dcatalina.base=C:\Users\Dell\Desktop\antigravity\tomcat\apache-tomcat-9.0.117
09-Apr-2026 02:04:32.445 INFO [main] org.apache.catalina.startup.VersionLoggerListener.log Command line argument: -Dcatalina.home=C:\Users\Dell\Desktop\antigravity\tomcat\apache-tomcat-9.0.117
09-Apr-2026 02:04:32.445 INFO [main] org.apache.catalina.startup.VersionLoggerListener.log Command line argument: -Djava.io.tmpdir=C:\Users\Dell\Desktop\antigravity\tomcat\apache-tomcat-9.0.117\temp
09-Apr-2026 02:04:32.458 INFO [main] org.apache.catalina.core.AprLifecycleListener.lifecycleEvent Loaded Apache Tomcat Native library [1.3.7] using APR version [1.7.6].
09-Apr-2026 02:04:32.458 INFO [main] org.apache.catalina.core.AprLifecycleListener.lifecycleEvent APR capabilities: IPv6 [true], sendfile [true], accept filters [false], random [true], UDS [true].
09-Apr-2026 02:04:32.458 INFO [main] org.apache.catalina.core.AprLifecycleListener.lifecycleEvent APR/OpenSSL configuration: useAprConnector [false], useOpenSSL [true]
09-Apr-2026 02:04:32.469 INFO [main] org.apache.catalina.core.AprLifecycleListener.initializeSSL OpenSSL successfully initialized [OpenSSL 3.0.19 27 Jan 2026]
09-Apr-2026 02:04:32.974 INFO [main] org.apache.coyote.AbstractProtocol.init Initializing ProtocolHandler ["http-nio-8080"]
09-Apr-2026 02:04:33.008 INFO [main] org.apache.catalina.startup.Catalina.load Server initialization in [922] milliseconds
09-Apr-2026 02:04:33.091 INFO [main] org.apache.catalina.core.StandardService.startInternal Starting service [Catalina]
09-Apr-2026 02:04:33.092 INFO [main] org.apache.catalina.core.StandardEngine.startInternal Starting Servlet engine: [Apache Tomcat/9.0.117]
09-Apr-2026 02:04:33.124 INFO [main] org.apache.catalina.startup.HostConfig.deployWAR Deploying web application archive [C:\Users\Dell\Desktop\antigravity\tomcat\apache-tomcat-9.0.117\webapps\voyastra.war]
09-Apr-2026 02:04:35.305 INFO [main] org.apache.jasper.servlet.TldScanner.scanJars At least one JAR was scanned for TLDs yet contained no TLDs. Enable debug logging for this logger for a complete list of JARs that were scanned but no TLDs were found in them. Skipping unneeded JARs during scanning can improve startup time and JSP compilation time.
09-Apr-2026 02:04:35.425 INFO [main] com.voyastra.filter.ErrorHandlingFilter.init ErrorHandlingFilter initialized.
09-Apr-2026 02:04:35.456 INFO [main] org.apache.catalina.startup.HostConfig.deployWAR Deployment of web application archive [C:\Users\Dell\Desktop\antigravity\tomcat\apache-tomcat-9.0.117\webapps\voyastra.war] has finished in [2,330] ms
09-Apr-2026 02:04:35.457 INFO [main] org.apache.catalina.startup.HostConfig.deployDirectory Deploying web application directory [C:\Users\Dell\Desktop\antigravity\tomcat\apache-tomcat-9.0.117\webapps\docs]
09-Apr-2026 02:04:35.524 INFO [main] org.apache.catalina.startup.HostConfig.deployDirectory Deployment of web application directory [C:\Users\Dell\Desktop\antigravity\tomcat\apache-tomcat-9.0.117\webapps\docs] has finished in [67] ms
09-Apr-2026 02:04:35.525 INFO [main] org.apache.catalina.startup.HostConfig.deployDirectory Deploying web application directory [C:\Users\Dell\Desktop\antigravity\tomcat\apache-tomcat-9.0.117\webapps\examples]
09-Apr-2026 02:04:36.307 INFO [main] org.apache.catalina.startup.HostConfig.deployDirectory Deployment of web application directory [C:\Users\Dell\Desktop\antigravity\tomcat\apache-tomcat-9.0.117\webapps\examples] has finished in [782] ms
09-Apr-2026 02:04:36.308 INFO [main] org.apache.catalina.startup.HostConfig.deployDirectory Deploying web application directory [C:\Users\Dell\Desktop\antigravity\tomcat\apache-tomcat-9.0.117\webapps\host-manager]
09-Apr-2026 02:04:36.406 INFO [main] org.apache.catalina.startup.HostConfig.deployDirectory Deployment of web application directory [C:\Users\Dell\Desktop\antigravity\tomcat\apache-tomcat-9.0.117\webapps\host-manager] has finished in [98] ms
09-Apr-2026 02:04:36.407 INFO [main] org.apache.catalina.startup.HostConfig.deployDirectory Deploying web application directory [C:\Users\Dell\Desktop\antigravity\tomcat\apache-tomcat-9.0.117\webapps\manager]
09-Apr-2026 02:04:36.481 INFO [main] org.apache.catalina.startup.HostConfig.deployDirectory Deployment of web application directory [C:\Users\Dell\Desktop\antigravity\tomcat\apache-tomcat-9.0.117\webapps\manager] has finished in [74] ms
09-Apr-2026 02:04:36.483 INFO [main] org.apache.catalina.startup.HostConfig.deployDirectory Deploying web application directory [C:\Users\Dell\Desktop\antigravity\tomcat\apache-tomcat-9.0.117\webapps\ROOT]
09-Apr-2026 02:04:36.539 INFO [main] org.apache.catalina.startup.HostConfig.deployDirectory Deployment of web application directory [C:\Users\Dell\Desktop\antigravity\tomcat\apache-tomcat-9.0.117\webapps\ROOT] has finished in [56] ms
09-Apr-2026 02:04:36.546 INFO [main] org.apache.coyote.AbstractProtocol.start Starting ProtocolHandler ["http-nio-8080"]
09-Apr-2026 02:04:36.598 INFO [main] org.apache.catalina.startup.Catalina.start Server startup in [3585] milliseconds
09-Apr-2026 02:04:56.200 INFO [http-nio-8080-exec-2] org.apache.tomcat.util.http.parser.Cookie.logInvalidHeader A cookie header was received [g_state={"i_l":0,"i_ll":1775680001659,"i_e":{"enable_itp_optimization":0},"i_b":"BFXo8hkfVkyUPv/hIsdz3FTIYb+v29hgh/grc9+8T5g"}] that contained an invalid cookie. That cookie will be ignored.
 Note: further occurrences of this error will be logged at DEBUG level.
09-Apr-2026 02:15:25.484 INFO [main] org.apache.catalina.startup.VersionLoggerListener.log Server version name:   Apache Tomcat/9.0.117
09-Apr-2026 02:15:25.495 INFO [main] org.apache.catalina.startup.VersionLoggerListener.log Server built:          Mar 30 2026 18:21:16 UTC
09-Apr-2026 02:15:25.495 INFO [main] org.apache.catalina.startup.VersionLoggerListener.log Server version number: 9.0.117.0
09-Apr-2026 02:15:25.495 INFO [main] org.apache.catalina.startup.VersionLoggerListener.log OS Name:               Windows 11
09-Apr-2026 02:15:25.495 INFO [main] org.apache.catalina.startup.VersionLoggerListener.log OS Version:            10.0
09-Apr-2026 02:15:25.496 INFO [main] org.apache.catalina.startup.VersionLoggerListener.log Architecture:          amd64
09-Apr-2026 02:15:25.496 INFO [main] org.apache.catalina.startup.VersionLoggerListener.log Java Home:             C:\Program Files\Java\jdk-24
09-Apr-2026 02:15:25.496 INFO [main] org.apache.catalina.startup.VersionLoggerListener.log JVM Version:           24.0.2+12-54
09-Apr-2026 02:15:25.496 INFO [main] org.apache.catalina.startup.VersionLoggerListener.log JVM Vendor:            Oracle Corporation
09-Apr-2026 02:15:25.497 INFO [main] org.apache.catalina.startup.VersionLoggerListener.log CATALINA_BASE:         C:\Users\Dell\Desktop\antigravity\tomcat\apache-tomcat-9.0.117
09-Apr-2026 02:15:25.497 INFO [main] org.apache.catalina.startup.VersionLoggerListener.log CATALINA_HOME:         C:\Users\Dell\Desktop\antigravity\tomcat\apache-tomcat-9.0.117
09-Apr-2026 02:15:25.524 INFO [main] org.apache.catalina.startup.VersionLoggerListener.log Command line argument: --add-opens=java.base/java.lang=ALL-UNNAMED
09-Apr-2026 02:15:25.525 INFO [main] org.apache.catalina.startup.VersionLoggerListener.log Command line argument: --add-opens=java.base/java.lang.invoke=ALL-UNNAMED
09-Apr-2026 02:15:25.527 INFO [main] org.apache.catalina.startup.VersionLoggerListener.log Command line argument: --add-opens=java.base/java.lang.reflect=ALL-UNNAMED
09-Apr-2026 02:15:25.527 INFO [main] org.apache.catalina.startup.VersionLoggerListener.log Command line argument: --add-opens=java.base/java.io=ALL-UNNAMED
09-Apr-2026 02:15:25.527 INFO [main] org.apache.catalina.startup.VersionLoggerListener.log Command line argument: --add-opens=java.base/java.util=ALL-UNNAMED
09-Apr-2026 02:15:25.528 INFO [main] org.apache.catalina.startup.VersionLoggerListener.log Command line argument: --add-opens=java.base/java.util.concurrent=ALL-UNNAMED
09-Apr-2026 02:15:25.528 INFO [main] org.apache.catalina.startup.VersionLoggerListener.log Command line argument: --add-opens=java.rmi/sun.rmi.transport=ALL-UNNAMED
09-Apr-2026 02:15:25.528 INFO [main] org.apache.catalina.startup.VersionLoggerListener.log Command line argument: -Djava.util.logging.config.file=C:\Users\Dell\Desktop\antigravity\tomcat\apache-tomcat-9.0.117\conf\logging.properties
09-Apr-2026 02:15:25.528 INFO [main] org.apache.catalina.startup.VersionLoggerListener.log Command line argument: -Djava.util.logging.manager=org.apache.juli.ClassLoaderLogManager
09-Apr-2026 02:15:25.528 INFO [main] org.apache.catalina.startup.VersionLoggerListener.log Command line argument: -Djdk.tls.ephemeralDHKeySize=2048
09-Apr-2026 02:15:25.528 INFO [main] org.apache.catalina.startup.VersionLoggerListener.log Command line argument: -Djava.protocol.handler.pkgs=org.apache.catalina.webresources
09-Apr-2026 02:15:25.528 INFO [main] org.apache.catalina.startup.VersionLoggerListener.log Command line argument: -Dsun.io.useCanonCaches=false
09-Apr-2026 02:15:25.529 INFO [main] org.apache.catalina.startup.VersionLoggerListener.log Command line argument: -Dignore.endorsed.dirs=
09-Apr-2026 02:15:25.529 INFO [main] org.apache.catalina.startup.VersionLoggerListener.log Command line argument: -Dcatalina.base=C:\Users\Dell\Desktop\antigravity\tomcat\apache-tomcat-9.0.117
09-Apr-2026 02:15:25.529 INFO [main] org.apache.catalina.startup.VersionLoggerListener.log Command line argument: -Dcatalina.home=C:\Users\Dell\Desktop\antigravity\tomcat\apache-tomcat-9.0.117
09-Apr-2026 02:15:25.529 INFO [main] org.apache.catalina.startup.VersionLoggerListener.log Command line argument: -Djava.io.tmpdir=C:\Users\Dell\Desktop\antigravity\tomcat\apache-tomcat-9.0.117\temp
09-Apr-2026 02:15:25.541 INFO [main] org.apache.catalina.core.AprLifecycleListener.lifecycleEvent Loaded Apache Tomcat Native library [1.3.7] using APR version [1.7.6].
09-Apr-2026 02:15:25.542 INFO [main] org.apache.catalina.core.AprLifecycleListener.lifecycleEvent APR capabilities: IPv6 [true], sendfile [true], accept filters [false], random [true], UDS [true].
09-Apr-2026 02:15:25.542 INFO [main] org.apache.catalina.core.AprLifecycleListener.lifecycleEvent APR/OpenSSL configuration: useAprConnector [false], useOpenSSL [true]
09-Apr-2026 02:15:25.565 INFO [main] org.apache.catalina.core.AprLifecycleListener.initializeSSL OpenSSL successfully initialized [OpenSSL 3.0.19 27 Jan 2026]
09-Apr-2026 02:15:26.730 INFO [main] org.apache.coyote.AbstractProtocol.init Initializing ProtocolHandler ["http-nio-8080"]
09-Apr-2026 02:15:27.083 SEVERE [main] org.apache.catalina.util.LifecycleBase.handleSubClassException Failed to initialize component [Connector["http-nio-8080"]]
	org.apache.catalina.LifecycleException: Protocol handler initialization failed
		at org.apache.catalina.connector.Connector.initInternal(Connector.java:1084)
		at org.apache.catalina.util.LifecycleBase.init(LifecycleBase.java:122)
		at org.apache.catalina.core.StandardService.initInternal(StandardService.java:520)
		at org.apache.catalina.util.LifecycleBase.init(LifecycleBase.java:122)
		at org.apache.catalina.core.StandardServer.initInternal(StandardServer.java:984)
		at org.apache.catalina.util.LifecycleBase.init(LifecycleBase.java:122)
		at org.apache.catalina.startup.Catalina.load(Catalina.java:687)
		at org.apache.catalina.startup.Catalina.load(Catalina.java:710)
		at java.base/jdk.internal.reflect.DirectMethodHandleAccessor.invoke(DirectMethodHandleAccessor.java:104)
		at java.base/java.lang.reflect.Method.invoke(Method.java:565)
		at org.apache.catalina.startup.Bootstrap.load(Bootstrap.java:299)
		at org.apache.catalina.startup.Bootstrap.main(Bootstrap.java:472)
	Caused by: java.net.BindException: Address already in use: bind
		at java.base/sun.nio.ch.Net.bind0(Native Method)
		at java.base/sun.nio.ch.Net.bind(Net.java:511)
		at java.base/sun.nio.ch.ServerSocketChannelImpl.netBind(ServerSocketChannelImpl.java:335)
		at java.base/sun.nio.ch.ServerSocketChannelImpl.bind(ServerSocketChannelImpl.java:297)
		at org.apache.tomcat.util.net.NioEndpoint.initServerSocket(NioEndpoint.java:296)
		at org.apache.tomcat.util.net.NioEndpoint.bind(NioEndpoint.java:251)
		at org.apache.tomcat.util.net.AbstractEndpoint.bindWithCleanup(AbstractEndpoint.java:1498)
		at org.apache.tomcat.util.net.AbstractEndpoint.init(AbstractEndpoint.java:1511)
		at org.apache.coyote.AbstractProtocol.init(AbstractProtocol.java:667)
		at org.apache.coyote.http11.AbstractHttp11Protocol.init(AbstractHttp11Protocol.java:80)
		at org.apache.catalina.connector.Connector.initInternal(Connector.java:1082)
		... 11 more
09-Apr-2026 02:15:27.085 INFO [main] org.apache.catalina.startup.Catalina.load Server initialization in [2052] milliseconds
09-Apr-2026 02:15:27.174 INFO [main] org.apache.catalina.core.StandardService.startInternal Starting service [Catalina]
09-Apr-2026 02:15:27.174 INFO [main] org.apache.catalina.core.StandardEngine.startInternal Starting Servlet engine: [Apache Tomcat/9.0.117]
09-Apr-2026 02:15:27.220 INFO [main] org.apache.catalina.startup.HostConfig.deployWAR Deploying web application archive [C:\Users\Dell\Desktop\antigravity\tomcat\apache-tomcat-9.0.117\webapps\voyastra.war]
09-Apr-2026 02:15:29.294 INFO [main] org.apache.jasper.servlet.TldScanner.scanJars At least one JAR was scanned for TLDs yet contained no TLDs. Enable debug logging for this logger for a complete list of JARs that were scanned but no TLDs were found in them. Skipping unneeded JARs during scanning can improve startup time and JSP compilation time.
09-Apr-2026 02:15:29.412 INFO [main] com.voyastra.filter.ErrorHandlingFilter.init ErrorHandlingFilter initialized.
09-Apr-2026 02:15:29.452 INFO [main] org.apache.catalina.startup.HostConfig.deployWAR Deployment of web application archive [C:\Users\Dell\Desktop\antigravity\tomcat\apache-tomcat-9.0.117\webapps\voyastra.war] has finished in [2,223] ms
09-Apr-2026 02:15:29.454 INFO [main] org.apache.catalina.startup.HostConfig.deployDirectory Deploying web application directory [C:\Users\Dell\Desktop\antigravity\tomcat\apache-tomcat-9.0.117\webapps\docs]
09-Apr-2026 02:15:29.546 INFO [main] org.apache.catalina.startup.HostConfig.deployDirectory Deployment of web application directory [C:\Users\Dell\Desktop\antigravity\tomcat\apache-tomcat-9.0.117\webapps\docs] has finished in [91] ms
09-Apr-2026 02:15:29.547 INFO [main] org.apache.catalina.startup.HostConfig.deployDirectory Deploying web application directory [C:\Users\Dell\Desktop\antigravity\tomcat\apache-tomcat-9.0.117\webapps\examples]
09-Apr-2026 02:15:30.678 INFO [main] org.apache.catalina.startup.HostConfig.deployDirectory Deployment of web application directory [C:\Users\Dell\Desktop\antigravity\tomcat\apache-tomcat-9.0.117\webapps\examples] has finished in [1,131] ms
09-Apr-2026 02:15:30.679 INFO [main] org.apache.catalina.startup.HostConfig.deployDirectory Deploying web application directory [C:\Users\Dell\Desktop\antigravity\tomcat\apache-tomcat-9.0.117\webapps\host-manager]
09-Apr-2026 02:15:30.900 INFO [main] org.apache.catalina.startup.HostConfig.deployDirectory Deployment of web application directory [C:\Users\Dell\Desktop\antigravity\tomcat\apache-tomcat-9.0.117\webapps\host-manager] has finished in [220] ms
09-Apr-2026 02:15:30.902 INFO [main] org.apache.catalina.startup.HostConfig.deployDirectory Deploying web application directory [C:\Users\Dell\Desktop\antigravity\tomcat\apache-tomcat-9.0.117\webapps\manager]
09-Apr-2026 02:15:31.082 INFO [main] org.apache.catalina.startup.HostConfig.deployDirectory Deployment of web application directory [C:\Users\Dell\Desktop\antigravity\tomcat\apache-tomcat-9.0.117\webapps\manager] has finished in [181] ms
09-Apr-2026 02:15:31.084 INFO [main] org.apache.catalina.startup.HostConfig.deployDirectory Deploying web application directory [C:\Users\Dell\Desktop\antigravity\tomcat\apache-tomcat-9.0.117\webapps\ROOT]
09-Apr-2026 02:15:31.213 INFO [main] org.apache.catalina.startup.HostConfig.deployDirectory Deployment of web application directory [C:\Users\Dell\Desktop\antigravity\tomcat\apache-tomcat-9.0.117\webapps\ROOT] has finished in [130] ms
09-Apr-2026 02:15:31.229 INFO [main] org.apache.catalina.startup.Catalina.start Server startup in [4140] milliseconds
09-Apr-2026 02:15:31.255 SEVERE [main] org.apache.catalina.core.StandardServer.await Failed to create server shutdown socket on address [localhost] and port [8005] (base port [8005] and offset [0])
	java.net.BindException: Address already in use: bind
		at java.base/sun.nio.ch.Net.bind0(Native Method)
		at java.base/sun.nio.ch.Net.bind(Net.java:511)
		at java.base/sun.nio.ch.Net.bind(Net.java:500)
		at java.base/sun.nio.ch.NioSocketImpl.bind(NioSocketImpl.java:630)
		at java.base/java.net.ServerSocket.bind(ServerSocket.java:326)
		at java.base/java.net.ServerSocket.<init>(ServerSocket.java:222)
		at org.apache.catalina.core.StandardServer.await(StandardServer.java:535)
		at org.apache.catalina.startup.Catalina.await(Catalina.java:826)
		at org.apache.catalina.startup.Catalina.start(Catalina.java:774)
		at java.base/jdk.internal.reflect.DirectMethodHandleAccessor.invoke(DirectMethodHandleAccessor.java:104)
		at java.base/java.lang.reflect.Method.invoke(Method.java:565)
		at org.apache.catalina.startup.Bootstrap.start(Bootstrap.java:342)
		at org.apache.catalina.startup.Bootstrap.main(Bootstrap.java:473)
09-Apr-2026 02:15:31.259 INFO [main] org.apache.coyote.AbstractProtocol.pause Pausing ProtocolHandler ["http-nio-8080"]
09-Apr-2026 02:15:31.259 INFO [main] org.apache.catalina.core.StandardService.stopInternal Stopping service [Catalina]
09-Apr-2026 02:15:31.294 INFO [main] com.voyastra.filter.ErrorHandlingFilter.destroy ErrorHandlingFilter destroyed.
09-Apr-2026 02:15:31.318 INFO [main] org.apache.coyote.AbstractProtocol.stop Stopping ProtocolHandler ["http-nio-8080"]
09-Apr-2026 02:15:31.323 INFO [main] org.apache.coyote.AbstractProtocol.destroy Destroying ProtocolHandler ["http-nio-8080"]
09-Apr-2026 02:15:51.806 INFO [main] org.apache.catalina.startup.VersionLoggerListener.log Server version name:   Apache Tomcat/9.0.117
09-Apr-2026 02:15:51.811 INFO [main] org.apache.catalina.startup.VersionLoggerListener.log Server built:          Mar 30 2026 18:21:16 UTC
09-Apr-2026 02:15:51.812 INFO [main] org.apache.catalina.startup.VersionLoggerListener.log Server version number: 9.0.117.0
09-Apr-2026 02:15:51.812 INFO [main] org.apache.catalina.startup.VersionLoggerListener.log OS Name:               Windows 11
09-Apr-2026 02:15:51.812 INFO [main] org.apache.catalina.startup.VersionLoggerListener.log OS Version:            10.0
09-Apr-2026 02:15:51.813 INFO [main] org.apache.catalina.startup.VersionLoggerListener.log Architecture:          amd64
09-Apr-2026 02:15:51.813 INFO [main] org.apache.catalina.startup.VersionLoggerListener.log Java Home:             C:\Program Files\Java\jdk-24
09-Apr-2026 02:15:51.813 INFO [main] org.apache.catalina.startup.VersionLoggerListener.log JVM Version:           24.0.2+12-54
09-Apr-2026 02:15:51.813 INFO [main] org.apache.catalina.startup.VersionLoggerListener.log JVM Vendor:            Oracle Corporation
09-Apr-2026 02:15:51.813 INFO [main] org.apache.catalina.startup.VersionLoggerListener.log CATALINA_BASE:         C:\Users\Dell\Desktop\antigravity\tomcat\apache-tomcat-9.0.117
09-Apr-2026 02:15:51.813 INFO [main] org.apache.catalina.startup.VersionLoggerListener.log CATALINA_HOME:         C:\Users\Dell\Desktop\antigravity\tomcat\apache-tomcat-9.0.117
09-Apr-2026 02:15:51.827 INFO [main] org.apache.catalina.startup.VersionLoggerListener.log Command line argument: --add-opens=java.base/java.lang=ALL-UNNAMED
09-Apr-2026 02:15:51.827 INFO [main] org.apache.catalina.startup.VersionLoggerListener.log Command line argument: --add-opens=java.base/java.lang.invoke=ALL-UNNAMED
09-Apr-2026 02:15:51.828 INFO [main] org.apache.catalina.startup.VersionLoggerListener.log Command line argument: --add-opens=java.base/java.lang.reflect=ALL-UNNAMED
09-Apr-2026 02:15:51.828 INFO [main] org.apache.catalina.startup.VersionLoggerListener.log Command line argument: --add-opens=java.base/java.io=ALL-UNNAMED
09-Apr-2026 02:15:51.828 INFO [main] org.apache.catalina.startup.VersionLoggerListener.log Command line argument: --add-opens=java.base/java.util=ALL-UNNAMED
09-Apr-2026 02:15:51.828 INFO [main] org.apache.catalina.startup.VersionLoggerListener.log Command line argument: --add-opens=java.base/java.util.concurrent=ALL-UNNAMED
09-Apr-2026 02:15:51.828 INFO [main] org.apache.catalina.startup.VersionLoggerListener.log Command line argument: --add-opens=java.rmi/sun.rmi.transport=ALL-UNNAMED
09-Apr-2026 02:15:51.828 INFO [main] org.apache.catalina.startup.VersionLoggerListener.log Command line argument: -Djava.util.logging.config.file=C:\Users\Dell\Desktop\antigravity\tomcat\apache-tomcat-9.0.117\conf\logging.properties
09-Apr-2026 02:15:51.828 INFO [main] org.apache.catalina.startup.VersionLoggerListener.log Command line argument: -Djava.util.logging.manager=org.apache.juli.ClassLoaderLogManager
09-Apr-2026 02:15:51.829 INFO [main] org.apache.catalina.startup.VersionLoggerListener.log Command line argument: -Djdk.tls.ephemeralDHKeySize=2048
09-Apr-2026 02:15:51.829 INFO [main] org.apache.catalina.startup.VersionLoggerListener.log Command line argument: -Djava.protocol.handler.pkgs=org.apache.catalina.webresources
09-Apr-2026 02:15:51.829 INFO [main] org.apache.catalina.startup.VersionLoggerListener.log Command line argument: -Dsun.io.useCanonCaches=false
09-Apr-2026 02:15:51.830 INFO [main] org.apache.catalina.startup.VersionLoggerListener.log Command line argument: -Dignore.endorsed.dirs=
09-Apr-2026 02:15:51.830 INFO [main] org.apache.catalina.startup.VersionLoggerListener.log Command line argument: -Dcatalina.base=C:\Users\Dell\Desktop\antigravity\tomcat\apache-tomcat-9.0.117
09-Apr-2026 02:15:51.830 INFO [main] org.apache.catalina.startup.VersionLoggerListener.log Command line argument: -Dcatalina.home=C:\Users\Dell\Desktop\antigravity\tomcat\apache-tomcat-9.0.117
09-Apr-2026 02:15:51.830 INFO [main] org.apache.catalina.startup.VersionLoggerListener.log Command line argument: -Djava.io.tmpdir=C:\Users\Dell\Desktop\antigravity\tomcat\apache-tomcat-9.0.117\temp
09-Apr-2026 02:15:51.839 INFO [main] org.apache.catalina.core.AprLifecycleListener.lifecycleEvent Loaded Apache Tomcat Native library [1.3.7] using APR version [1.7.6].
09-Apr-2026 02:15:51.840 INFO [main] org.apache.catalina.core.AprLifecycleListener.lifecycleEvent APR capabilities: IPv6 [true], sendfile [true], accept filters [false], random [true], UDS [true].
09-Apr-2026 02:15:51.840 INFO [main] org.apache.catalina.core.AprLifecycleListener.lifecycleEvent APR/OpenSSL configuration: useAprConnector [false], useOpenSSL [true]
09-Apr-2026 02:15:51.854 INFO [main] org.apache.catalina.core.AprLifecycleListener.initializeSSL OpenSSL successfully initialized [OpenSSL 3.0.19 27 Jan 2026]
09-Apr-2026 02:15:52.507 INFO [main] org.apache.coyote.AbstractProtocol.init Initializing ProtocolHandler ["http-nio-8080"]
09-Apr-2026 02:15:52.540 SEVERE [main] org.apache.catalina.util.LifecycleBase.handleSubClassException Failed to initialize component [Connector["http-nio-8080"]]
	org.apache.catalina.LifecycleException: Protocol handler initialization failed
		at org.apache.catalina.connector.Connector.initInternal(Connector.java:1084)
		at org.apache.catalina.util.LifecycleBase.init(LifecycleBase.java:122)
		at org.apache.catalina.core.StandardService.initInternal(StandardService.java:520)
		at org.apache.catalina.util.LifecycleBase.init(LifecycleBase.java:122)
		at org.apache.catalina.core.StandardServer.initInternal(StandardServer.java:984)
		at org.apache.catalina.util.LifecycleBase.init(LifecycleBase.java:122)
		at org.apache.catalina.startup.Catalina.load(Catalina.java:687)
		at org.apache.catalina.startup.Catalina.load(Catalina.java:710)
		at java.base/jdk.internal.reflect.DirectMethodHandleAccessor.invoke(DirectMethodHandleAccessor.java:104)
		at java.base/java.lang.reflect.Method.invoke(Method.java:565)
		at org.apache.catalina.startup.Bootstrap.load(Bootstrap.java:299)
		at org.apache.catalina.startup.Bootstrap.main(Bootstrap.java:472)
	Caused by: java.net.BindException: Address already in use: bind
		at java.base/sun.nio.ch.Net.bind0(Native Method)
		at java.base/sun.nio.ch.Net.bind(Net.java:511)
		at java.base/sun.nio.ch.ServerSocketChannelImpl.netBind(ServerSocketChannelImpl.java:335)
		at java.base/sun.nio.ch.ServerSocketChannelImpl.bind(ServerSocketChannelImpl.java:297)
		at org.apache.tomcat.util.net.NioEndpoint.initServerSocket(NioEndpoint.java:296)
		at org.apache.tomcat.util.net.NioEndpoint.bind(NioEndpoint.java:251)
		at org.apache.tomcat.util.net.AbstractEndpoint.bindWithCleanup(AbstractEndpoint.java:1498)
		at org.apache.tomcat.util.net.AbstractEndpoint.init(AbstractEndpoint.java:1511)
		at org.apache.coyote.AbstractProtocol.init(AbstractProtocol.java:667)
		at org.apache.coyote.http11.AbstractHttp11Protocol.init(AbstractHttp11Protocol.java:80)
		at org.apache.catalina.connector.Connector.initInternal(Connector.java:1082)
		... 11 more
09-Apr-2026 02:15:52.543 INFO [main] org.apache.catalina.startup.Catalina.load Server initialization in [1086] milliseconds
09-Apr-2026 02:15:52.655 INFO [main] org.apache.catalina.core.StandardService.startInternal Starting service [Catalina]
09-Apr-2026 02:15:52.657 INFO [main] org.apache.catalina.core.StandardEngine.startInternal Starting Servlet engine: [Apache Tomcat/9.0.117]
09-Apr-2026 02:15:52.691 INFO [main] org.apache.catalina.startup.HostConfig.deployWAR Deploying web application archive [C:\Users\Dell\Desktop\antigravity\tomcat\apache-tomcat-9.0.117\webapps\voyastra.war]
09-Apr-2026 02:15:54.559 INFO [main] org.apache.jasper.servlet.TldScanner.scanJars At least one JAR was scanned for TLDs yet contained no TLDs. Enable debug logging for this logger for a complete list of JARs that were scanned but no TLDs were found in them. Skipping unneeded JARs during scanning can improve startup time and JSP compilation time.
09-Apr-2026 02:15:54.662 INFO [main] com.voyastra.filter.ErrorHandlingFilter.init ErrorHandlingFilter initialized.
09-Apr-2026 02:15:54.708 INFO [main] org.apache.catalina.startup.HostConfig.deployWAR Deployment of web application archive [C:\Users\Dell\Desktop\antigravity\tomcat\apache-tomcat-9.0.117\webapps\voyastra.war] has finished in [2,015] ms
09-Apr-2026 02:15:54.710 INFO [main] org.apache.catalina.startup.HostConfig.deployDirectory Deploying web application directory [C:\Users\Dell\Desktop\antigravity\tomcat\apache-tomcat-9.0.117\webapps\docs]
09-Apr-2026 02:15:54.800 INFO [main] org.apache.catalina.startup.HostConfig.deployDirectory Deployment of web application directory [C:\Users\Dell\Desktop\antigravity\tomcat\apache-tomcat-9.0.117\webapps\docs] has finished in [89] ms
09-Apr-2026 02:15:54.801 INFO [main] org.apache.catalina.startup.HostConfig.deployDirectory Deploying web application directory [C:\Users\Dell\Desktop\antigravity\tomcat\apache-tomcat-9.0.117\webapps\examples]
09-Apr-2026 02:15:56.203 INFO [main] org.apache.catalina.startup.HostConfig.deployDirectory Deployment of web application directory [C:\Users\Dell\Desktop\antigravity\tomcat\apache-tomcat-9.0.117\webapps\examples] has finished in [1,401] ms
09-Apr-2026 02:15:56.204 INFO [main] org.apache.catalina.startup.HostConfig.deployDirectory Deploying web application directory [C:\Users\Dell\Desktop\antigravity\tomcat\apache-tomcat-9.0.117\webapps\host-manager]
09-Apr-2026 02:15:56.342 INFO [main] org.apache.catalina.startup.HostConfig.deployDirectory Deployment of web application directory [C:\Users\Dell\Desktop\antigravity\tomcat\apache-tomcat-9.0.117\webapps\host-manager] has finished in [138] ms
09-Apr-2026 02:15:56.343 INFO [main] org.apache.catalina.startup.HostConfig.deployDirectory Deploying web application directory [C:\Users\Dell\Desktop\antigravity\tomcat\apache-tomcat-9.0.117\webapps\manager]
09-Apr-2026 02:15:56.473 INFO [main] org.apache.catalina.startup.HostConfig.deployDirectory Deployment of web application directory [C:\Users\Dell\Desktop\antigravity\tomcat\apache-tomcat-9.0.117\webapps\manager] has finished in [130] ms
09-Apr-2026 02:15:56.474 INFO [main] org.apache.catalina.startup.HostConfig.deployDirectory Deploying web application directory [C:\Users\Dell\Desktop\antigravity\tomcat\apache-tomcat-9.0.117\webapps\ROOT]
09-Apr-2026 02:15:56.544 INFO [main] org.apache.catalina.startup.HostConfig.deployDirectory Deployment of web application directory [C:\Users\Dell\Desktop\antigravity\tomcat\apache-tomcat-9.0.117\webapps\ROOT] has finished in [70] ms
09-Apr-2026 02:15:56.554 INFO [main] org.apache.catalina.startup.Catalina.start Server startup in [4006] milliseconds
09-Apr-2026 02:15:56.569 SEVERE [main] org.apache.catalina.core.StandardServer.await Failed to create server shutdown socket on address [localhost] and port [8005] (base port [8005] and offset [0])
	java.net.BindException: Address already in use: bind
		at java.base/sun.nio.ch.Net.bind0(Native Method)
		at java.base/sun.nio.ch.Net.bind(Net.java:511)
		at java.base/sun.nio.ch.Net.bind(Net.java:500)
		at java.base/sun.nio.ch.NioSocketImpl.bind(NioSocketImpl.java:630)
		at java.base/java.net.ServerSocket.bind(ServerSocket.java:326)
		at java.base/java.net.ServerSocket.<init>(ServerSocket.java:222)
		at org.apache.catalina.core.StandardServer.await(StandardServer.java:535)
		at org.apache.catalina.startup.Catalina.await(Catalina.java:826)
		at org.apache.catalina.startup.Catalina.start(Catalina.java:774)
		at java.base/jdk.internal.reflect.DirectMethodHandleAccessor.invoke(DirectMethodHandleAccessor.java:104)
		at java.base/java.lang.reflect.Method.invoke(Method.java:565)
		at org.apache.catalina.startup.Bootstrap.start(Bootstrap.java:342)
		at org.apache.catalina.startup.Bootstrap.main(Bootstrap.java:473)
09-Apr-2026 02:15:56.571 INFO [main] org.apache.coyote.AbstractProtocol.pause Pausing ProtocolHandler ["http-nio-8080"]
09-Apr-2026 02:15:56.571 INFO [main] org.apache.catalina.core.StandardService.stopInternal Stopping service [Catalina]
09-Apr-2026 02:15:56.593 INFO [main] com.voyastra.filter.ErrorHandlingFilter.destroy ErrorHandlingFilter destroyed.
09-Apr-2026 02:15:56.614 INFO [main] org.apache.coyote.AbstractProtocol.stop Stopping ProtocolHandler ["http-nio-8080"]
09-Apr-2026 02:15:56.617 INFO [main] org.apache.coyote.AbstractProtocol.destroy Destroying ProtocolHandler ["http-nio-8080"]
09-Apr-2026 02:16:13.110 INFO [main] org.apache.catalina.startup.VersionLoggerListener.log Server version name:   Apache Tomcat/9.0.117
09-Apr-2026 02:16:13.115 INFO [main] org.apache.catalina.startup.VersionLoggerListener.log Server built:          Mar 30 2026 18:21:16 UTC
09-Apr-2026 02:16:13.115 INFO [main] org.apache.catalina.startup.VersionLoggerListener.log Server version number: 9.0.117.0
09-Apr-2026 02:16:13.116 INFO [main] org.apache.catalina.startup.VersionLoggerListener.log OS Name:               Windows 11
09-Apr-2026 02:16:13.116 INFO [main] org.apache.catalina.startup.VersionLoggerListener.log OS Version:            10.0
09-Apr-2026 02:16:13.116 INFO [main] org.apache.catalina.startup.VersionLoggerListener.log Architecture:          amd64
09-Apr-2026 02:16:13.116 INFO [main] org.apache.catalina.startup.VersionLoggerListener.log Java Home:             C:\Program Files\Java\jdk-24
09-Apr-2026 02:16:13.117 INFO [main] org.apache.catalina.startup.VersionLoggerListener.log JVM Version:           24.0.2+12-54
09-Apr-2026 02:16:13.117 INFO [main] org.apache.catalina.startup.VersionLoggerListener.log JVM Vendor:            Oracle Corporation
09-Apr-2026 02:16:13.118 INFO [main] org.apache.catalina.startup.VersionLoggerListener.log CATALINA_BASE:         C:\Users\Dell\Desktop\antigravity\tomcat\apache-tomcat-9.0.117
09-Apr-2026 02:16:13.118 INFO [main] org.apache.catalina.startup.VersionLoggerListener.log CATALINA_HOME:         C:\Users\Dell\Desktop\antigravity\tomcat\apache-tomcat-9.0.117
09-Apr-2026 02:16:13.134 INFO [main] org.apache.catalina.startup.VersionLoggerListener.log Command line argument: --add-opens=java.base/java.lang=ALL-UNNAMED
09-Apr-2026 02:16:13.135 INFO [main] org.apache.catalina.startup.VersionLoggerListener.log Command line argument: --add-opens=java.base/java.lang.invoke=ALL-UNNAMED
09-Apr-2026 02:16:13.135 INFO [main] org.apache.catalina.startup.VersionLoggerListener.log Command line argument: --add-opens=java.base/java.lang.reflect=ALL-UNNAMED
09-Apr-2026 02:16:13.136 INFO [main] org.apache.catalina.startup.VersionLoggerListener.log Command line argument: --add-opens=java.base/java.io=ALL-UNNAMED
09-Apr-2026 02:16:13.136 INFO [main] org.apache.catalina.startup.VersionLoggerListener.log Command line argument: --add-opens=java.base/java.util=ALL-UNNAMED
09-Apr-2026 02:16:13.136 INFO [main] org.apache.catalina.startup.VersionLoggerListener.log Command line argument: --add-opens=java.base/java.util.concurrent=ALL-UNNAMED
09-Apr-2026 02:16:13.136 INFO [main] org.apache.catalina.startup.VersionLoggerListener.log Command line argument: --add-opens=java.rmi/sun.rmi.transport=ALL-UNNAMED
09-Apr-2026 02:16:13.136 INFO [main] org.apache.catalina.startup.VersionLoggerListener.log Command line argument: -Djava.util.logging.config.file=C:\Users\Dell\Desktop\antigravity\tomcat\apache-tomcat-9.0.117\conf\logging.properties
09-Apr-2026 02:16:13.136 INFO [main] org.apache.catalina.startup.VersionLoggerListener.log Command line argument: -Djava.util.logging.manager=org.apache.juli.ClassLoaderLogManager
09-Apr-2026 02:16:13.137 INFO [main] org.apache.catalina.startup.VersionLoggerListener.log Command line argument: -Djdk.tls.ephemeralDHKeySize=2048
09-Apr-2026 02:16:13.137 INFO [main] org.apache.catalina.startup.VersionLoggerListener.log Command line argument: -Djava.protocol.handler.pkgs=org.apache.catalina.webresources
09-Apr-2026 02:16:13.137 INFO [main] org.apache.catalina.startup.VersionLoggerListener.log Command line argument: -Dsun.io.useCanonCaches=false
09-Apr-2026 02:16:13.137 INFO [main] org.apache.catalina.startup.VersionLoggerListener.log Command line argument: -Dignore.endorsed.dirs=
09-Apr-2026 02:16:13.138 INFO [main] org.apache.catalina.startup.VersionLoggerListener.log Command line argument: -Dcatalina.base=C:\Users\Dell\Desktop\antigravity\tomcat\apache-tomcat-9.0.117
09-Apr-2026 02:16:13.138 INFO [main] org.apache.catalina.startup.VersionLoggerListener.log Command line argument: -Dcatalina.home=C:\Users\Dell\Desktop\antigravity\tomcat\apache-tomcat-9.0.117
09-Apr-2026 02:16:13.138 INFO [main] org.apache.catalina.startup.VersionLoggerListener.log Command line argument: -Djava.io.tmpdir=C:\Users\Dell\Desktop\antigravity\tomcat\apache-tomcat-9.0.117\temp
09-Apr-2026 02:16:13.148 INFO [main] org.apache.catalina.core.AprLifecycleListener.lifecycleEvent Loaded Apache Tomcat Native library [1.3.7] using APR version [1.7.6].
09-Apr-2026 02:16:13.148 INFO [main] org.apache.catalina.core.AprLifecycleListener.lifecycleEvent APR capabilities: IPv6 [true], sendfile [true], accept filters [false], random [true], UDS [true].
09-Apr-2026 02:16:13.148 INFO [main] org.apache.catalina.core.AprLifecycleListener.lifecycleEvent APR/OpenSSL configuration: useAprConnector [false], useOpenSSL [true]
09-Apr-2026 02:16:13.164 INFO [main] org.apache.catalina.core.AprLifecycleListener.initializeSSL OpenSSL successfully initialized [OpenSSL 3.0.19 27 Jan 2026]
09-Apr-2026 02:16:13.965 INFO [main] org.apache.coyote.AbstractProtocol.init Initializing ProtocolHandler ["http-nio-8080"]
09-Apr-2026 02:16:14.016 INFO [main] org.apache.catalina.startup.Catalina.load Server initialization in [1363] milliseconds
09-Apr-2026 02:16:14.116 INFO [main] org.apache.catalina.core.StandardService.startInternal Starting service [Catalina]
09-Apr-2026 02:16:14.116 INFO [main] org.apache.catalina.core.StandardEngine.startInternal Starting Servlet engine: [Apache Tomcat/9.0.117]
09-Apr-2026 02:16:14.160 INFO [main] org.apache.catalina.startup.HostConfig.deployWAR Deploying web application archive [C:\Users\Dell\Desktop\antigravity\tomcat\apache-tomcat-9.0.117\webapps\voyastra.war]
09-Apr-2026 02:16:16.824 INFO [main] org.apache.jasper.servlet.TldScanner.scanJars At least one JAR was scanned for TLDs yet contained no TLDs. Enable debug logging for this logger for a complete list of JARs that were scanned but no TLDs were found in them. Skipping unneeded JARs during scanning can improve startup time and JSP compilation time.
09-Apr-2026 02:16:16.915 INFO [main] com.voyastra.filter.ErrorHandlingFilter.init ErrorHandlingFilter initialized.
09-Apr-2026 02:16:16.942 INFO [main] org.apache.catalina.startup.HostConfig.deployWAR Deployment of web application archive [C:\Users\Dell\Desktop\antigravity\tomcat\apache-tomcat-9.0.117\webapps\voyastra.war] has finished in [2,781] ms
09-Apr-2026 02:16:16.945 INFO [main] org.apache.catalina.startup.HostConfig.deployDirectory Deploying web application directory [C:\Users\Dell\Desktop\antigravity\tomcat\apache-tomcat-9.0.117\webapps\docs]
09-Apr-2026 02:16:17.034 INFO [main] org.apache.catalina.startup.HostConfig.deployDirectory Deployment of web application directory [C:\Users\Dell\Desktop\antigravity\tomcat\apache-tomcat-9.0.117\webapps\docs] has finished in [89] ms
09-Apr-2026 02:16:17.035 INFO [main] org.apache.catalina.startup.HostConfig.deployDirectory Deploying web application directory [C:\Users\Dell\Desktop\antigravity\tomcat\apache-tomcat-9.0.117\webapps\examples]
09-Apr-2026 02:16:17.916 INFO [main] org.apache.catalina.startup.HostConfig.deployDirectory Deployment of web application directory [C:\Users\Dell\Desktop\antigravity\tomcat\apache-tomcat-9.0.117\webapps\examples] has finished in [882] ms
09-Apr-2026 02:16:17.917 INFO [main] org.apache.catalina.startup.HostConfig.deployDirectory Deploying web application directory [C:\Users\Dell\Desktop\antigravity\tomcat\apache-tomcat-9.0.117\webapps\host-manager]
09-Apr-2026 02:16:18.008 INFO [main] org.apache.catalina.startup.HostConfig.deployDirectory Deployment of web application directory [C:\Users\Dell\Desktop\antigravity\tomcat\apache-tomcat-9.0.117\webapps\host-manager] has finished in [91] ms
09-Apr-2026 02:16:18.010 INFO [main] org.apache.catalina.startup.HostConfig.deployDirectory Deploying web application directory [C:\Users\Dell\Desktop\antigravity\tomcat\apache-tomcat-9.0.117\webapps\manager]
09-Apr-2026 02:16:18.080 INFO [main] org.apache.catalina.startup.HostConfig.deployDirectory Deployment of web application directory [C:\Users\Dell\Desktop\antigravity\tomcat\apache-tomcat-9.0.117\webapps\manager] has finished in [69] ms
09-Apr-2026 02:16:18.081 INFO [main] org.apache.catalina.startup.HostConfig.deployDirectory Deploying web application directory [C:\Users\Dell\Desktop\antigravity\tomcat\apache-tomcat-9.0.117\webapps\ROOT]
09-Apr-2026 02:16:18.138 INFO [main] org.apache.catalina.startup.HostConfig.deployDirectory Deployment of web application directory [C:\Users\Dell\Desktop\antigravity\tomcat\apache-tomcat-9.0.117\webapps\ROOT] has finished in [57] ms
09-Apr-2026 02:16:18.145 INFO [main] org.apache.coyote.AbstractProtocol.start Starting ProtocolHandler ["http-nio-8080"]
09-Apr-2026 02:16:18.195 INFO [main] org.apache.catalina.startup.Catalina.start Server startup in [4174] milliseconds
09-Apr-2026 02:17:16.656 INFO [main] org.apache.catalina.startup.VersionLoggerListener.log Server version name:   Apache Tomcat/9.0.117
09-Apr-2026 02:17:16.678 INFO [main] org.apache.catalina.startup.VersionLoggerListener.log Server built:          Mar 30 2026 18:21:16 UTC
09-Apr-2026 02:17:16.678 INFO [main] org.apache.catalina.startup.VersionLoggerListener.log Server version number: 9.0.117.0
09-Apr-2026 02:17:16.679 INFO [main] org.apache.catalina.startup.VersionLoggerListener.log OS Name:               Windows 11
09-Apr-2026 02:17:16.679 INFO [main] org.apache.catalina.startup.VersionLoggerListener.log OS Version:            10.0
09-Apr-2026 02:17:16.679 INFO [main] org.apache.catalina.startup.VersionLoggerListener.log Architecture:          amd64
09-Apr-2026 02:17:16.679 INFO [main] org.apache.catalina.startup.VersionLoggerListener.log Java Home:             C:\Program Files\Java\jdk-24
09-Apr-2026 02:17:16.680 INFO [main] org.apache.catalina.startup.VersionLoggerListener.log JVM Version:           24.0.2+12-54
09-Apr-2026 02:17:16.680 INFO [main] org.apache.catalina.startup.VersionLoggerListener.log JVM Vendor:            Oracle Corporation
09-Apr-2026 02:17:16.680 INFO [main] org.apache.catalina.startup.VersionLoggerListener.log CATALINA_BASE:         C:\Users\Dell\Desktop\antigravity\tomcat\apache-tomcat-9.0.117
09-Apr-2026 02:17:16.681 INFO [main] org.apache.catalina.startup.VersionLoggerListener.log CATALINA_HOME:         C:\Users\Dell\Desktop\antigravity\tomcat\apache-tomcat-9.0.117
09-Apr-2026 02:17:16.702 INFO [main] org.apache.catalina.startup.VersionLoggerListener.log Command line argument: --add-opens=java.base/java.lang=ALL-UNNAMED
09-Apr-2026 02:17:16.703 INFO [main] org.apache.catalina.startup.VersionLoggerListener.log Command line argument: --add-opens=java.base/java.lang.invoke=ALL-UNNAMED
09-Apr-2026 02:17:16.703 INFO [main] org.apache.catalina.startup.VersionLoggerListener.log Command line argument: --add-opens=java.base/java.lang.reflect=ALL-UNNAMED
09-Apr-2026 02:17:16.703 INFO [main] org.apache.catalina.startup.VersionLoggerListener.log Command line argument: --add-opens=java.base/java.io=ALL-UNNAMED
09-Apr-2026 02:17:16.704 INFO [main] org.apache.catalina.startup.VersionLoggerListener.log Command line argument: --add-opens=java.base/java.util=ALL-UNNAMED
09-Apr-2026 02:17:16.704 INFO [main] org.apache.catalina.startup.VersionLoggerListener.log Command line argument: --add-opens=java.base/java.util.concurrent=ALL-UNNAMED
09-Apr-2026 02:17:16.704 INFO [main] org.apache.catalina.startup.VersionLoggerListener.log Command line argument: --add-opens=java.rmi/sun.rmi.transport=ALL-UNNAMED
09-Apr-2026 02:17:16.705 INFO [main] org.apache.catalina.startup.VersionLoggerListener.log Command line argument: -Djava.util.logging.config.file=C:\Users\Dell\Desktop\antigravity\tomcat\apache-tomcat-9.0.117\conf\logging.properties
09-Apr-2026 02:17:16.705 INFO [main] org.apache.catalina.startup.VersionLoggerListener.log Command line argument: -Djava.util.logging.manager=org.apache.juli.ClassLoaderLogManager
09-Apr-2026 02:17:16.705 INFO [main] org.apache.catalina.startup.VersionLoggerListener.log Command line argument: -Djdk.tls.ephemeralDHKeySize=2048
09-Apr-2026 02:17:16.705 INFO [main] org.apache.catalina.startup.VersionLoggerListener.log Command line argument: -Djava.protocol.handler.pkgs=org.apache.catalina.webresources
09-Apr-2026 02:17:16.705 INFO [main] org.apache.catalina.startup.VersionLoggerListener.log Command line argument: -Dsun.io.useCanonCaches=false
09-Apr-2026 02:17:16.705 INFO [main] org.apache.catalina.startup.VersionLoggerListener.log Command line argument: -Dignore.endorsed.dirs=
09-Apr-2026 02:17:16.706 INFO [main] org.apache.catalina.startup.VersionLoggerListener.log Command line argument: -Dcatalina.base=C:\Users\Dell\Desktop\antigravity\tomcat\apache-tomcat-9.0.117
09-Apr-2026 02:17:16.706 INFO [main] org.apache.catalina.startup.VersionLoggerListener.log Command line argument: -Dcatalina.home=C:\Users\Dell\Desktop\antigravity\tomcat\apache-tomcat-9.0.117
09-Apr-2026 02:17:16.706 INFO [main] org.apache.catalina.startup.VersionLoggerListener.log Command line argument: -Djava.io.tmpdir=C:\Users\Dell\Desktop\antigravity\tomcat\apache-tomcat-9.0.117\temp
09-Apr-2026 02:17:16.720 INFO [main] org.apache.catalina.core.AprLifecycleListener.lifecycleEvent Loaded Apache Tomcat Native library [1.3.7] using APR version [1.7.6].
09-Apr-2026 02:17:16.721 INFO [main] org.apache.catalina.core.AprLifecycleListener.lifecycleEvent APR capabilities: IPv6 [true], sendfile [true], accept filters [false], random [true], UDS [true].
09-Apr-2026 02:17:16.721 INFO [main] org.apache.catalina.core.AprLifecycleListener.lifecycleEvent APR/OpenSSL configuration: useAprConnector [false], useOpenSSL [true]
09-Apr-2026 02:17:16.765 INFO [main] org.apache.catalina.core.AprLifecycleListener.initializeSSL OpenSSL successfully initialized [OpenSSL 3.0.19 27 Jan 2026]
09-Apr-2026 02:17:18.321 INFO [main] org.apache.coyote.AbstractProtocol.init Initializing ProtocolHandler ["http-nio-8080"]
09-Apr-2026 02:17:18.383 INFO [main] org.apache.catalina.startup.Catalina.load Server initialization in [2665] milliseconds
09-Apr-2026 02:17:18.511 INFO [main] org.apache.catalina.core.StandardService.startInternal Starting service [Catalina]
09-Apr-2026 02:17:18.511 INFO [main] org.apache.catalina.core.StandardEngine.startInternal Starting Servlet engine: [Apache Tomcat/9.0.117]
09-Apr-2026 02:17:18.600 INFO [main] org.apache.catalina.startup.HostConfig.deployWAR Deploying web application archive [C:\Users\Dell\Desktop\antigravity\tomcat\apache-tomcat-9.0.117\webapps\voyastra.war]
09-Apr-2026 02:17:24.190 INFO [main] org.apache.jasper.servlet.TldScanner.scanJars At least one JAR was scanned for TLDs yet contained no TLDs. Enable debug logging for this logger for a complete list of JARs that were scanned but no TLDs were found in them. Skipping unneeded JARs during scanning can improve startup time and JSP compilation time.
09-Apr-2026 02:17:24.398 INFO [main] com.voyastra.filter.ErrorHandlingFilter.init ErrorHandlingFilter initialized.
09-Apr-2026 02:17:24.452 INFO [main] org.apache.catalina.startup.HostConfig.deployWAR Deployment of web application archive [C:\Users\Dell\Desktop\antigravity\tomcat\apache-tomcat-9.0.117\webapps\voyastra.war] has finished in [5,850] ms
09-Apr-2026 02:17:24.455 INFO [main] org.apache.catalina.startup.HostConfig.deployDirectory Deploying web application directory [C:\Users\Dell\Desktop\antigravity\tomcat\apache-tomcat-9.0.117\webapps\docs]
09-Apr-2026 02:17:24.609 INFO [main] org.apache.catalina.startup.HostConfig.deployDirectory Deployment of web application directory [C:\Users\Dell\Desktop\antigravity\tomcat\apache-tomcat-9.0.117\webapps\docs] has finished in [153] ms
09-Apr-2026 02:17:24.610 INFO [main] org.apache.catalina.startup.HostConfig.deployDirectory Deploying web application directory [C:\Users\Dell\Desktop\antigravity\tomcat\apache-tomcat-9.0.117\webapps\examples]
09-Apr-2026 02:17:27.105 INFO [main] org.apache.catalina.startup.HostConfig.deployDirectory Deployment of web application directory [C:\Users\Dell\Desktop\antigravity\tomcat\apache-tomcat-9.0.117\webapps\examples] has finished in [2,476] ms
09-Apr-2026 02:17:27.106 INFO [main] org.apache.catalina.startup.HostConfig.deployDirectory Deploying web application directory [C:\Users\Dell\Desktop\antigravity\tomcat\apache-tomcat-9.0.117\webapps\host-manager]
09-Apr-2026 02:17:27.280 INFO [main] org.apache.catalina.startup.HostConfig.deployDirectory Deployment of web application directory [C:\Users\Dell\Desktop\antigravity\tomcat\apache-tomcat-9.0.117\webapps\host-manager] has finished in [174] ms
09-Apr-2026 02:17:27.281 INFO [main] org.apache.catalina.startup.HostConfig.deployDirectory Deploying web application directory [C:\Users\Dell\Desktop\antigravity\tomcat\apache-tomcat-9.0.117\webapps\manager]
09-Apr-2026 02:17:27.418 INFO [main] org.apache.catalina.startup.HostConfig.deployDirectory Deployment of web application directory [C:\Users\Dell\Desktop\antigravity\tomcat\apache-tomcat-9.0.117\webapps\manager] has finished in [137] ms
09-Apr-2026 02:17:27.418 INFO [main] org.apache.catalina.startup.HostConfig.deployDirectory Deploying web application directory [C:\Users\Dell\Desktop\antigravity\tomcat\apache-tomcat-9.0.117\webapps\ROOT]
09-Apr-2026 02:17:27.517 INFO [main] org.apache.catalina.startup.HostConfig.deployDirectory Deployment of web application directory [C:\Users\Dell\Desktop\antigravity\tomcat\apache-tomcat-9.0.117\webapps\ROOT] has finished in [99] ms
09-Apr-2026 02:17:27.529 INFO [main] org.apache.coyote.AbstractProtocol.start Starting ProtocolHandler ["http-nio-8080"]
09-Apr-2026 02:17:27.591 INFO [main] org.apache.catalina.startup.Catalina.start Server startup in [9203] milliseconds
09-Apr-2026 02:17:42.683 INFO [http-nio-8080-exec-1] org.apache.tomcat.util.http.parser.Cookie.logInvalidHeader A cookie header was received [g_state={"i_l":0,"i_ll":1775680496739,"i_e":{"enable_itp_optimization":0},"i_b":"BFXo8hkfVkyUPv/hIsdz3FTIYb+v29hgh/grc9+8T5g"}] that contained an invalid cookie. That cookie will be ignored.
 Note: further occurrences of this error will be logged at DEBUG level.
09-Apr-2026 23:03:54.004 INFO [main] org.apache.catalina.startup.VersionLoggerListener.log Server version name:   Apache Tomcat/9.0.117
09-Apr-2026 23:03:54.014 INFO [main] org.apache.catalina.startup.VersionLoggerListener.log Server built:          Mar 30 2026 18:21:16 UTC
09-Apr-2026 23:03:54.016 INFO [main] org.apache.catalina.startup.VersionLoggerListener.log Server version number: 9.0.117.0
09-Apr-2026 23:03:54.016 INFO [main] org.apache.catalina.startup.VersionLoggerListener.log OS Name:               Windows 11
09-Apr-2026 23:03:54.017 INFO [main] org.apache.catalina.startup.VersionLoggerListener.log OS Version:            10.0
09-Apr-2026 23:03:54.018 INFO [main] org.apache.catalina.startup.VersionLoggerListener.log Architecture:          amd64
09-Apr-2026 23:03:54.018 INFO [main] org.apache.catalina.startup.VersionLoggerListener.log Java Home:             C:\Program Files\Java\jdk-24
09-Apr-2026 23:03:54.018 INFO [main] org.apache.catalina.startup.VersionLoggerListener.log JVM Version:           24.0.2+12-54
09-Apr-2026 23:03:54.019 INFO [main] org.apache.catalina.startup.VersionLoggerListener.log JVM Vendor:            Oracle Corporation
09-Apr-2026 23:03:54.019 INFO [main] org.apache.catalina.startup.VersionLoggerListener.log CATALINA_BASE:         C:\Users\Dell\Desktop\antigravity\tomcat\apache-tomcat-9.0.117
09-Apr-2026 23:03:54.019 INFO [main] org.apache.catalina.startup.VersionLoggerListener.log CATALINA_HOME:         C:\Users\Dell\Desktop\antigravity\tomcat\apache-tomcat-9.0.117
09-Apr-2026 23:03:54.109 INFO [main] org.apache.catalina.startup.VersionLoggerListener.log Command line argument: --add-opens=java.base/java.lang=ALL-UNNAMED
09-Apr-2026 23:03:54.110 INFO [main] org.apache.catalina.startup.VersionLoggerListener.log Command line argument: --add-opens=java.base/java.lang.invoke=ALL-UNNAMED
09-Apr-2026 23:03:54.110 INFO [main] org.apache.catalina.startup.VersionLoggerListener.log Command line argument: --add-opens=java.base/java.lang.reflect=ALL-UNNAMED
09-Apr-2026 23:03:54.110 INFO [main] org.apache.catalina.startup.VersionLoggerListener.log Command line argument: --add-opens=java.base/java.io=ALL-UNNAMED
09-Apr-2026 23:03:54.111 INFO [main] org.apache.catalina.startup.VersionLoggerListener.log Command line argument: --add-opens=java.base/java.util=ALL-UNNAMED
09-Apr-2026 23:03:54.111 INFO [main] org.apache.catalina.startup.VersionLoggerListener.log Command line argument: --add-opens=java.base/java.util.concurrent=ALL-UNNAMED
09-Apr-2026 23:03:54.111 INFO [main] org.apache.catalina.startup.VersionLoggerListener.log Command line argument: --add-opens=java.rmi/sun.rmi.transport=ALL-UNNAMED
09-Apr-2026 23:03:54.111 INFO [main] org.apache.catalina.startup.VersionLoggerListener.log Command line argument: -Djava.util.logging.config.file=c:\Users\Dell\Desktop\antigravity\tomcat\apache-tomcat-9.0.117\conf\logging.properties
09-Apr-2026 23:03:54.112 INFO [main] org.apache.catalina.startup.VersionLoggerListener.log Command line argument: -Djava.util.logging.manager=org.apache.juli.ClassLoaderLogManager
09-Apr-2026 23:03:54.112 INFO [main] org.apache.catalina.startup.VersionLoggerListener.log Command line argument: -Djdk.tls.ephemeralDHKeySize=2048
09-Apr-2026 23:03:54.113 INFO [main] org.apache.catalina.startup.VersionLoggerListener.log Command line argument: -Djava.protocol.handler.pkgs=org.apache.catalina.webresources
09-Apr-2026 23:03:54.113 INFO [main] org.apache.catalina.startup.VersionLoggerListener.log Command line argument: -Dsun.io.useCanonCaches=false
09-Apr-2026 23:03:54.113 INFO [main] org.apache.catalina.startup.VersionLoggerListener.log Command line argument: -Dignore.endorsed.dirs=
09-Apr-2026 23:03:54.113 INFO [main] org.apache.catalina.startup.VersionLoggerListener.log Command line argument: -Dcatalina.base=c:\Users\Dell\Desktop\antigravity\tomcat\apache-tomcat-9.0.117
09-Apr-2026 23:03:54.115 INFO [main] org.apache.catalina.startup.VersionLoggerListener.log Command line argument: -Dcatalina.home=c:\Users\Dell\Desktop\antigravity\tomcat\apache-tomcat-9.0.117
09-Apr-2026 23:03:54.115 INFO [main] org.apache.catalina.startup.VersionLoggerListener.log Command line argument: -Djava.io.tmpdir=c:\Users\Dell\Desktop\antigravity\tomcat\apache-tomcat-9.0.117\temp
09-Apr-2026 23:03:54.532 INFO [main] org.apache.catalina.core.AprLifecycleListener.lifecycleEvent Loaded Apache Tomcat Native library [1.3.7] using APR version [1.7.6].
09-Apr-2026 23:03:54.533 INFO [main] org.apache.catalina.core.AprLifecycleListener.lifecycleEvent APR capabilities: IPv6 [true], sendfile [true], accept filters [false], random [true], UDS [true].
09-Apr-2026 23:03:54.563 INFO [main] org.apache.catalina.core.AprLifecycleListener.lifecycleEvent APR/OpenSSL configuration: useAprConnector [false], useOpenSSL [true]
09-Apr-2026 23:03:54.814 INFO [main] org.apache.catalina.core.AprLifecycleListener.initializeSSL OpenSSL successfully initialized [OpenSSL 3.0.19 27 Jan 2026]
09-Apr-2026 23:03:57.674 INFO [main] org.apache.coyote.AbstractProtocol.init Initializing ProtocolHandler ["http-nio-8080"]
09-Apr-2026 23:03:57.895 INFO [main] org.apache.catalina.startup.Catalina.load Server initialization in [5438] milliseconds
09-Apr-2026 23:03:58.162 INFO [main] org.apache.catalina.core.StandardService.startInternal Starting service [Catalina]
09-Apr-2026 23:03:58.163 INFO [main] org.apache.catalina.core.StandardEngine.startInternal Starting Servlet engine: [Apache Tomcat/9.0.117]
09-Apr-2026 23:03:58.251 INFO [main] org.apache.catalina.startup.HostConfig.deployWAR Deploying web application archive [C:\Users\Dell\Desktop\antigravity\tomcat\apache-tomcat-9.0.117\webapps\voyastra.war]
09-Apr-2026 23:04:04.334 INFO [main] org.apache.jasper.servlet.TldScanner.scanJars At least one JAR was scanned for TLDs yet contained no TLDs. Enable debug logging for this logger for a complete list of JARs that were scanned but no TLDs were found in them. Skipping unneeded JARs during scanning can improve startup time and JSP compilation time.
09-Apr-2026 23:04:04.703 INFO [main] com.voyastra.filter.ErrorHandlingFilter.init ErrorHandlingFilter initialized.
09-Apr-2026 23:04:04.803 INFO [main] org.apache.catalina.startup.HostConfig.deployWAR Deployment of web application archive [C:\Users\Dell\Desktop\antigravity\tomcat\apache-tomcat-9.0.117\webapps\voyastra.war] has finished in [6,547] ms
09-Apr-2026 23:04:04.813 INFO [main] org.apache.catalina.startup.HostConfig.deployDirectory Deploying web application directory [C:\Users\Dell\Desktop\antigravity\tomcat\apache-tomcat-9.0.117\webapps\docs]
09-Apr-2026 23:04:05.056 INFO [main] org.apache.catalina.startup.HostConfig.deployDirectory Deployment of web application directory [C:\Users\Dell\Desktop\antigravity\tomcat\apache-tomcat-9.0.117\webapps\docs] has finished in [249] ms
09-Apr-2026 23:04:05.057 INFO [main] org.apache.catalina.startup.HostConfig.deployDirectory Deploying web application directory [C:\Users\Dell\Desktop\antigravity\tomcat\apache-tomcat-9.0.117\webapps\examples]
09-Apr-2026 23:04:07.716 INFO [main] org.apache.catalina.startup.HostConfig.deployDirectory Deployment of web application directory [C:\Users\Dell\Desktop\antigravity\tomcat\apache-tomcat-9.0.117\webapps\examples] has finished in [2,659] ms
09-Apr-2026 23:04:07.718 INFO [main] org.apache.catalina.startup.HostConfig.deployDirectory Deploying web application directory [C:\Users\Dell\Desktop\antigravity\tomcat\apache-tomcat-9.0.117\webapps\host-manager]
09-Apr-2026 23:04:07.978 INFO [main] org.apache.catalina.startup.HostConfig.deployDirectory Deployment of web application directory [C:\Users\Dell\Desktop\antigravity\tomcat\apache-tomcat-9.0.117\webapps\host-manager] has finished in [261] ms
09-Apr-2026 23:04:07.980 INFO [main] org.apache.catalina.startup.HostConfig.deployDirectory Deploying web application directory [C:\Users\Dell\Desktop\antigravity\tomcat\apache-tomcat-9.0.117\webapps\manager]
09-Apr-2026 23:04:08.256 INFO [main] org.apache.catalina.startup.HostConfig.deployDirectory Deployment of web application directory [C:\Users\Dell\Desktop\antigravity\tomcat\apache-tomcat-9.0.117\webapps\manager] has finished in [276] ms
09-Apr-2026 23:04:08.258 INFO [main] org.apache.catalina.startup.HostConfig.deployDirectory Deploying web application directory [C:\Users\Dell\Desktop\antigravity\tomcat\apache-tomcat-9.0.117\webapps\ROOT]
09-Apr-2026 23:04:08.421 INFO [main] org.apache.catalina.startup.HostConfig.deployDirectory Deployment of web application directory [C:\Users\Dell\Desktop\antigravity\tomcat\apache-tomcat-9.0.117\webapps\ROOT] has finished in [163] ms
09-Apr-2026 23:04:08.439 INFO [main] org.apache.coyote.AbstractProtocol.start Starting ProtocolHandler ["http-nio-8080"]
09-Apr-2026 23:04:08.776 INFO [main] org.apache.catalina.startup.Catalina.start Server startup in [10870] milliseconds
09-Apr-2026 23:04:43.516 INFO [http-nio-8080-exec-2] org.apache.tomcat.util.http.parser.Cookie.logInvalidHeader A cookie header was received [g_state={"i_l":0,"i_ll":1775681656586,"i_e":{"enable_itp_optimization":0},"i_b":"BFXo8hkfVkyUPv/hIsdz3FTIYb+v29hgh/grc9+8T5g"}] that contained an invalid cookie. That cookie will be ignored.
 Note: further occurrences of this error will be logged at DEBUG level.
