07-Apr-2026 00:00:14.966 INFO [main] org.apache.catalina.core.ApplicationContext.log SessionListener: contextDestroyed()
07-Apr-2026 00:00:14.987 INFO [main] org.apache.catalina.core.ApplicationContext.log ContextListener: contextDestroyed()
07-Apr-2026 00:00:20.730 INFO [main] org.apache.catalina.core.ApplicationContext.log ContextListener: contextInitialized()
07-Apr-2026 00:00:20.731 INFO [main] org.apache.catalina.core.ApplicationContext.log SessionListener: contextInitialized()
07-Apr-2026 00:00:20.734 INFO [main] org.apache.catalina.core.ApplicationContext.log ContextListener: attributeAdded('StockTicker', 'async.Stockticker@5c723f2d')
07-Apr-2026 00:05:13.444 INFO [main] org.apache.catalina.core.ApplicationContext.log ContextListener: contextInitialized()
07-Apr-2026 00:05:13.444 INFO [main] org.apache.catalina.core.ApplicationContext.log SessionListener: contextInitialized()
07-Apr-2026 00:05:13.448 INFO [main] org.apache.catalina.core.ApplicationContext.log ContextListener: attributeAdded('StockTicker', 'async.Stockticker@28bdbe88')
07-Apr-2026 01:21:20.758 INFO [main] org.apache.catalina.core.ApplicationContext.log ContextListener: contextInitialized()
07-Apr-2026 01:21:20.759 INFO [main] org.apache.catalina.core.ApplicationContext.log SessionListener: contextInitialized()
07-Apr-2026 01:21:20.762 INFO [main] org.apache.catalina.core.ApplicationContext.log ContextListener: attributeAdded('StockTicker', 'async.Stockticker@d7109be')
07-Apr-2026 16:56:03.471 INFO [main] org.apache.catalina.core.ApplicationContext.log ContextListener: contextInitialized()
07-Apr-2026 16:56:03.472 INFO [main] org.apache.catalina.core.ApplicationContext.log SessionListener: contextInitialized()
07-Apr-2026 16:56:03.480 INFO [main] org.apache.catalina.core.ApplicationContext.log ContextListener: attributeAdded('StockTicker', 'async.Stockticker@5e0ec41f')
07-Apr-2026 19:47:16.633 INFO [Thread-1] org.apache.catalina.core.ApplicationContext.log SessionListener: contextDestroyed()
07-Apr-2026 19:47:16.633 INFO [Thread-1] org.apache.catalina.core.ApplicationContext.log ContextListener: contextDestroyed()
07-Apr-2026 21:12:20.711 INFO [main] org.apache.catalina.core.ApplicationContext.log ContextListener: contextInitialized()
07-Apr-2026 21:12:20.711 INFO [main] org.apache.catalina.core.ApplicationContext.log SessionListener: contextInitialized()
07-Apr-2026 21:12:20.713 INFO [main] org.apache.catalina.core.ApplicationContext.log ContextListener: attributeAdded('StockTicker', 'async.Stockticker@5399f6c5')
07-Apr-2026 21:41:41.368 INFO [main] org.apache.catalina.core.ApplicationContext.log ContextListener: contextInitialized()
07-Apr-2026 21:41:41.368 INFO [main] org.apache.catalina.core.ApplicationContext.log SessionListener: contextInitialized()
07-Apr-2026 21:41:41.373 INFO [main] org.apache.catalina.core.ApplicationContext.log ContextListener: attributeAdded('StockTicker', 'async.Stockticker@77049094')
07-Apr-2026 21:41:41.811 INFO [main] org.apache.catalina.core.ApplicationContext.log SessionListener: contextDestroyed()
07-Apr-2026 21:41:41.811 INFO [main] org.apache.catalina.core.ApplicationContext.log ContextListener: contextDestroyed()
