06-Apr-2026 22:34:12.626 INFO [main] org.apache.catalina.core.ApplicationContext.log ContextListener: contextInitialized()
06-Apr-2026 22:34:12.627 INFO [main] org.apache.catalina.core.ApplicationContext.log SessionListener: contextInitialized()
06-Apr-2026 22:34:12.632 INFO [main] org.apache.catalina.core.ApplicationContext.log ContextListener: attributeAdded('StockTicker', 'async.Stockticker@74ecacc3')
06-Apr-2026 22:51:38.566 INFO [main] org.apache.catalina.core.ApplicationContext.log SessionListener: contextDestroyed()
06-Apr-2026 22:51:38.571 INFO [main] org.apache.catalina.core.ApplicationContext.log ContextListener: contextDestroyed()
06-Apr-2026 22:52:06.498 INFO [main] org.apache.catalina.core.ApplicationContext.log ContextListener: contextInitialized()
06-Apr-2026 22:52:06.498 INFO [main] org.apache.catalina.core.ApplicationContext.log SessionListener: contextInitialized()
06-Apr-2026 22:52:06.508 INFO [main] org.apache.catalina.core.ApplicationContext.log ContextListener: attributeAdded('StockTicker', 'async.Stockticker@6573d2f7')
06-Apr-2026 23:27:13.205 INFO [main] org.apache.catalina.core.ApplicationContext.log SessionListener: contextDestroyed()
06-Apr-2026 23:27:13.205 INFO [main] org.apache.catalina.core.ApplicationContext.log ContextListener: contextDestroyed()
06-Apr-2026 23:27:22.630 INFO [main] org.apache.catalina.core.ApplicationContext.log ContextListener: contextInitialized()
06-Apr-2026 23:27:22.630 INFO [main] org.apache.catalina.core.ApplicationContext.log SessionListener: contextInitialized()
06-Apr-2026 23:27:22.634 INFO [main] org.apache.catalina.core.ApplicationContext.log ContextListener: attributeAdded('StockTicker', 'async.Stockticker@76a36b71')
06-Apr-2026 23:30:53.731 INFO [main] org.apache.catalina.core.ApplicationContext.log SessionListener: contextDestroyed()
06-Apr-2026 23:30:53.731 INFO [main] org.apache.catalina.core.ApplicationContext.log ContextListener: contextDestroyed()
06-Apr-2026 23:31:40.270 INFO [main] org.apache.catalina.core.ApplicationContext.log ContextListener: contextInitialized()
06-Apr-2026 23:31:40.270 INFO [main] org.apache.catalina.core.ApplicationContext.log SessionListener: contextInitialized()
06-Apr-2026 23:31:40.276 INFO [main] org.apache.catalina.core.ApplicationContext.log ContextListener: attributeAdded('StockTicker', 'async.Stockticker@4b6166aa')
06-Apr-2026 23:34:17.884 INFO [main] org.apache.catalina.core.ApplicationContext.log SessionListener: contextDestroyed()
06-Apr-2026 23:34:17.884 INFO [main] org.apache.catalina.core.ApplicationContext.log ContextListener: contextDestroyed()
06-Apr-2026 23:34:30.614 INFO [main] org.apache.catalina.core.ApplicationContext.log ContextListener: contextInitialized()
06-Apr-2026 23:34:30.616 INFO [main] org.apache.catalina.core.ApplicationContext.log SessionListener: contextInitialized()
06-Apr-2026 23:34:30.619 INFO [main] org.apache.catalina.core.ApplicationContext.log ContextListener: attributeAdded('StockTicker', 'async.Stockticker@3ed34ef5')
06-Apr-2026 23:46:05.909 INFO [main] org.apache.catalina.core.ApplicationContext.log SessionListener: contextDestroyed()
06-Apr-2026 23:46:05.909 INFO [main] org.apache.catalina.core.ApplicationContext.log ContextListener: contextDestroyed()
06-Apr-2026 23:46:17.601 INFO [main] org.apache.catalina.core.ApplicationContext.log ContextListener: contextInitialized()
06-Apr-2026 23:46:17.601 INFO [main] org.apache.catalina.core.ApplicationContext.log SessionListener: contextInitialized()
06-Apr-2026 23:46:17.605 INFO [main] org.apache.catalina.core.ApplicationContext.log ContextListener: attributeAdded('StockTicker', 'async.Stockticker@3ed34ef5')
