09-Apr-2026 01:55:15.916 INFO [main] org.apache.catalina.core.ApplicationContext.log ContextListener: contextInitialized()
09-Apr-2026 01:55:15.916 INFO [main] org.apache.catalina.core.ApplicationContext.log SessionListener: contextInitialized()
09-Apr-2026 01:55:15.919 INFO [main] org.apache.catalina.core.ApplicationContext.log ContextListener: attributeAdded('StockTicker', 'async.Stockticker@5c723f2d')
09-Apr-2026 02:04:36.282 INFO [main] org.apache.catalina.core.ApplicationContext.log ContextListener: contextInitialized()
09-Apr-2026 02:04:36.282 INFO [main] org.apache.catalina.core.ApplicationContext.log SessionListener: contextInitialized()
09-Apr-2026 02:04:36.287 INFO [main] org.apache.catalina.core.ApplicationContext.log ContextListener: attributeAdded('StockTicker', 'async.Stockticker@feb98ef')
09-Apr-2026 02:15:30.616 INFO [main] org.apache.catalina.core.ApplicationContext.log ContextListener: contextInitialized()
09-Apr-2026 02:15:30.616 INFO [main] org.apache.catalina.core.ApplicationContext.log SessionListener: contextInitialized()
09-Apr-2026 02:15:30.629 INFO [main] org.apache.catalina.core.ApplicationContext.log ContextListener: attributeAdded('StockTicker', 'async.Stockticker@59bbe88a')
09-Apr-2026 02:15:31.285 INFO [main] org.apache.catalina.core.ApplicationContext.log SessionListener: contextDestroyed()
09-Apr-2026 02:15:31.285 INFO [main] org.apache.catalina.core.ApplicationContext.log ContextListener: contextDestroyed()
09-Apr-2026 02:15:56.160 INFO [main] org.apache.catalina.core.ApplicationContext.log ContextListener: contextInitialized()
09-Apr-2026 02:15:56.161 INFO [main] org.apache.catalina.core.ApplicationContext.log SessionListener: contextInitialized()
09-Apr-2026 02:15:56.169 INFO [main] org.apache.catalina.core.ApplicationContext.log ContextListener: attributeAdded('StockTicker', 'async.Stockticker@6535117e')
09-Apr-2026 02:15:56.589 INFO [main] org.apache.catalina.core.ApplicationContext.log SessionListener: contextDestroyed()
09-Apr-2026 02:15:56.589 INFO [main] org.apache.catalina.core.ApplicationContext.log ContextListener: contextDestroyed()
09-Apr-2026 02:16:17.894 INFO [main] org.apache.catalina.core.ApplicationContext.log ContextListener: contextInitialized()
09-Apr-2026 02:16:17.894 INFO [main] org.apache.catalina.core.ApplicationContext.log SessionListener: contextInitialized()
09-Apr-2026 02:16:17.897 INFO [main] org.apache.catalina.core.ApplicationContext.log ContextListener: attributeAdded('StockTicker', 'async.Stockticker@feb98ef')
09-Apr-2026 02:17:26.996 INFO [main] org.apache.catalina.core.ApplicationContext.log ContextListener: contextInitialized()
09-Apr-2026 02:17:26.997 INFO [main] org.apache.catalina.core.ApplicationContext.log SessionListener: contextInitialized()
09-Apr-2026 02:17:27.008 INFO [main] org.apache.catalina.core.ApplicationContext.log ContextListener: attributeAdded('StockTicker', 'async.Stockticker@2c7106d9')
09-Apr-2026 23:04:07.657 INFO [main] org.apache.catalina.core.ApplicationContext.log ContextListener: contextInitialized()
09-Apr-2026 23:04:07.657 INFO [main] org.apache.catalina.core.ApplicationContext.log SessionListener: contextInitialized()
09-Apr-2026 23:04:07.668 INFO [main] org.apache.catalina.core.ApplicationContext.log ContextListener: attributeAdded('StockTicker', 'async.Stockticker@44065156')
